<?xml version="1.0" encoding="UTF-8"?>
<!-- Generated by org.testng.reporters.JUnitReportReporter -->
<testsuite hostname="LTIN399820" failures="0" tests="3" name="Firsttest.SampleResponce" time="4.747" errors="0" timestamp="2025-03-06T14:13:34 IST" skipped="0">
  <testcase classname="Firsttest.SampleResponce" name="samplegetreques" time="2.260"/>
  <testcase classname="Firsttest.SampleResponce" name="createuser" time="1.819"/>
  <testcase classname="Firsttest.SampleResponce" name="Updateuser" time="0.668"/>
</testsuite> <!-- Firsttest.SampleResponce -->
