<?xml version="1.0" encoding="UTF-8"?>
<!-- Generated by org.testng.reporters.JUnitReportReporter -->
<testsuite hostname="LTIN399820" failures="0" tests="3" name="Second.Autho" time="6.992" errors="0" timestamp="2025-03-08T14:54:58 IST" skipped="0">
  <testcase classname="Second.Autho" name="basicauth" time="3.985"/>
  <testcase classname="Second.Autho" name="digestauth" time="1.792"/>
  <testcase classname="Second.Autho" name="preempetiveauth" time="1.215"/>
</testsuite> <!-- Second.Autho -->
